Determining if the pthread_create exist failed with the following output:
Change Dir: /home/technologic/catkin_ws/build_isolated/navigation/CMakeFiles/CMakeTmp

Run Build Command:/usr/bin/make "cmTryCompileExec3346887623/fast"
/usr/bin/make -f CMakeFiles/cmTryCompileExec3346887623.dir/build.make CMakeFiles/cmTryCompileExec3346887623.dir/build
make[1]: Entering directory `/home/technologic/catkin_ws/build_isolated/navigation/CMakeFiles/CMakeTmp'
/usr/bin/cmake -E cmake_progress_report /home/technologic/catkin_ws/build_isolated/navigation/CMakeFiles/CMakeTmp/CMakeFiles 1
Building C object CMakeFiles/cmTryCompileExec3346887623.dir/CheckSymbolExists.c.o
/usr/bin/cc    -o CMakeFiles/cmTryCompileExec3346887623.dir/CheckSymbolExists.c.o   -c /home/technologic/catkin_ws/build_isolated/navigation/CMakeFiles/CMakeTmp/CheckSymbolExists.c
Linking C executable cmTryCompileExec3346887623
/usr/bin/cmake -E cmake_link_script CMakeFiles/cmTryCompileExec3346887623.dir/link.txt --verbose=1
/usr/bin/cc       CMakeFiles/cmTryCompileExec3346887623.dir/CheckSymbolExists.c.o  -o cmTryCompileExec3346887623 -rdynamic 
CMakeFiles/cmTryCompileExec3346887623.dir/CheckSymbolExists.c.o: In function `main':
CheckSymbolExists.c:(.text+0x16): undefined reference to `pthread_create'
collect2: error: ld returned 1 exit status
make[1]: *** [cmTryCompileExec3346887623] Error 1
make[1]: Leaving directory `/home/technologic/catkin_ws/build_isolated/navigation/CMakeFiles/CMakeTmp'
make: *** [cmTryCompileExec3346887623/fast] Error 2

File /home/technologic/catkin_ws/build_isolated/navigation/CMakeFiles/CMakeTmp/CheckSymbolExists.c:
/* */
#include <pthread.h>

int main(int argc, char** argv)
{
  (void)argv;
#ifndef pthread_create
  return ((int*)(&pthread_create))[argc];
#else
  (void)argc;
  return 0;
#endif
}

Determining if the function pthread_create exists in the pthreads failed with the following output:
Change Dir: /home/technologic/catkin_ws/build_isolated/navigation/CMakeFiles/CMakeTmp

Run Build Command:/usr/bin/make "cmTryCompileExec2911223766/fast"
/usr/bin/make -f CMakeFiles/cmTryCompileExec2911223766.dir/build.make CMakeFiles/cmTryCompileExec2911223766.dir/build
make[1]: Entering directory `/home/technologic/catkin_ws/build_isolated/navigation/CMakeFiles/CMakeTmp'
/usr/bin/cmake -E cmake_progress_report /home/technologic/catkin_ws/build_isolated/navigation/CMakeFiles/CMakeTmp/CMakeFiles 1
Building C object CMakeFiles/cmTryCompileExec2911223766.dir/CheckFunctionExists.c.o
/usr/bin/cc   -DCHECK_FUNCTION_EXISTS=pthread_create   -o CMakeFiles/cmTryCompileExec2911223766.dir/CheckFunctionExists.c.o   -c /usr/share/cmake-2.8/Modules/CheckFunctionExists.c
Linking C executable cmTryCompileExec2911223766
/usr/bin/cmake -E cmake_link_script CMakeFiles/cmTryCompileExec2911223766.dir/link.txt --verbose=1
/usr/bin/cc   -DCHECK_FUNCTION_EXISTS=pthread_create    CMakeFiles/cmTryCompileExec2911223766.dir/CheckFunctionExists.c.o  -o cmTryCompileExec2911223766 -rdynamic -lpthreads 
/usr/bin/ld: cannot find -lpthreads
collect2: error: ld returned 1 exit status
make[1]: *** [cmTryCompileExec2911223766] Error 1
make[1]: Leaving directory `/home/technologic/catkin_ws/build_isolated/navigation/CMakeFiles/CMakeTmp'
make: *** [cmTryCompileExec2911223766/fast] Error 2


